2024-11-29 21:05:35,007 - INFO - Using device: cpu
2024-11-29 21:09:51,495 - ERROR - Training failed with error:
Traceback (most recent call last):
  File "E:\Projects\Deep-Learning-Project\Transformer.py", line 256, in <module>
    main()
  File "E:\Projects\Deep-Learning-Project\Transformer.py", line 250, in main
    train_model(model, train_loader, val_loader, num_epochs=100, device=device, save_dir=save_dir)
  File "E:\Projects\Deep-Learning-Project\Transformer.py", line 136, in train_model
    scheduler = torch.optim.ReduceLROnPlateau(optimizer, 'min', patience=5)
                ^^^^^^^^^^^^^^^^^^^^^^^^^^^^^
AttributeError: module 'torch.optim' has no attribute 'ReduceLROnPlateau'
2024-11-29 21:11:14,281 - ERROR - Training failed with error:
Traceback (most recent call last):
  File "E:\Projects\Deep-Learning-Project\Transformer.py", line 257, in <module>
    main()
  File "E:\Projects\Deep-Learning-Project\Transformer.py", line 251, in main
    train_model(model, train_loader, val_loader, num_epochs=100, device=device, save_dir=save_dir)
  File "E:\Projects\Deep-Learning-Project\Transformer.py", line 151, in train_model
    output_frames, _ = model(input_frames)
                       ^^^^^^^^^^^^^^^^^^^
  File "E:\Projects\CNNs\.venv\Lib\site-packages\torch\nn\modules\module.py", line 1736, in _wrapped_call_impl
    return self._call_impl(*args, **kwargs)
           ^^^^^^^^^^^^^^^^^^^^^^^^^^^^^^^^
  File "E:\Projects\CNNs\.venv\Lib\site-packages\torch\nn\modules\module.py", line 1747, in _call_impl
    return forward_call(*args, **kwargs)
           ^^^^^^^^^^^^^^^^^^^^^^^^^^^^^
  File "E:\Projects\Deep-Learning-Project\Transformer.py", line 80, in forward
    x = torch.cat([memory_start, x, memory_end], dim=1)
        ^^^^^^^^^^^^^^^^^^^^^^^^^^^^^^^^^^^^^^^^^^^^^^^
RuntimeError: Tensors must have same number of dimensions: got 3 and 4
2024-11-29 21:15:33,827 - ERROR - Forward pass failed at batch 0: Tensors must have same number of dimensions: got 3 and 4
2024-11-29 21:15:34,043 - ERROR - Forward pass failed at batch 1: Tensors must have same number of dimensions: got 3 and 4
2024-11-29 21:15:34,129 - ERROR - Forward pass failed at batch 2: Tensors must have same number of dimensions: got 3 and 4
2024-11-29 21:15:34,203 - ERROR - Forward pass failed at batch 3: Tensors must have same number of dimensions: got 3 and 4
2024-11-29 21:15:34,316 - ERROR - Forward pass failed at batch 4: Tensors must have same number of dimensions: got 3 and 4
2024-11-29 21:15:34,412 - ERROR - Forward pass failed at batch 5: Tensors must have same number of dimensions: got 3 and 4
2024-11-29 21:15:34,492 - ERROR - Forward pass failed at batch 6: Tensors must have same number of dimensions: got 3 and 4
2024-11-29 21:15:34,598 - ERROR - Forward pass failed at batch 7: Tensors must have same number of dimensions: got 3 and 4
2024-11-29 21:15:34,682 - ERROR - Forward pass failed at batch 8: Tensors must have same number of dimensions: got 3 and 4
2024-11-29 21:15:34,782 - ERROR - Forward pass failed at batch 9: Tensors must have same number of dimensions: got 3 and 4
2024-11-29 21:15:34,895 - ERROR - Forward pass failed at batch 10: Tensors must have same number of dimensions: got 3 and 4
2024-11-29 21:15:34,977 - ERROR - Forward pass failed at batch 11: Tensors must have same number of dimensions: got 3 and 4
2024-11-29 21:15:35,096 - ERROR - Forward pass failed at batch 12: Tensors must have same number of dimensions: got 3 and 4
2024-11-29 21:15:35,203 - ERROR - Forward pass failed at batch 13: Tensors must have same number of dimensions: got 3 and 4
2024-11-29 21:15:35,278 - ERROR - Forward pass failed at batch 14: Tensors must have same number of dimensions: got 3 and 4
2024-11-29 21:15:35,368 - ERROR - Forward pass failed at batch 15: Tensors must have same number of dimensions: got 3 and 4
2024-11-29 21:15:35,486 - ERROR - Forward pass failed at batch 16: Tensors must have same number of dimensions: got 3 and 4
2024-11-29 21:15:35,570 - ERROR - Forward pass failed at batch 17: Tensors must have same number of dimensions: got 3 and 4
2024-11-29 21:15:35,617 - ERROR - Forward pass failed at batch 18: Tensors must have same number of dimensions: got 3 and 4
2024-11-29 21:15:35,659 - ERROR - Forward pass failed at batch 19: Tensors must have same number of dimensions: got 3 and 4
2024-11-29 21:15:35,700 - ERROR - Forward pass failed at batch 20: Tensors must have same number of dimensions: got 3 and 4
2024-11-29 21:15:35,753 - ERROR - Forward pass failed at batch 21: Tensors must have same number of dimensions: got 3 and 4
2024-11-29 21:15:35,799 - ERROR - Forward pass failed at batch 22: Tensors must have same number of dimensions: got 3 and 4
2024-11-29 21:15:35,836 - ERROR - Forward pass failed at batch 23: Tensors must have same number of dimensions: got 3 and 4
2024-11-29 21:15:35,878 - ERROR - Forward pass failed at batch 24: Tensors must have same number of dimensions: got 3 and 4
2024-11-29 21:15:35,893 - ERROR - Forward pass failed at batch 25: Tensors must have same number of dimensions: got 3 and 4
2024-11-29 21:16:00,803 - ERROR - Validation forward pass failed: Tensors must have same number of dimensions: got 3 and 4
2024-11-29 21:16:00,911 - ERROR - Validation forward pass failed: Tensors must have same number of dimensions: got 3 and 4
2024-11-29 21:16:00,974 - ERROR - Validation forward pass failed: Tensors must have same number of dimensions: got 3 and 4
2024-11-29 21:16:01,015 - ERROR - Validation forward pass failed: Tensors must have same number of dimensions: got 3 and 4
2024-11-29 21:16:01,057 - ERROR - Validation forward pass failed: Tensors must have same number of dimensions: got 3 and 4
2024-11-29 21:16:01,097 - ERROR - Validation forward pass failed: Tensors must have same number of dimensions: got 3 and 4
2024-11-29 21:16:01,114 - ERROR - Validation forward pass failed: Tensors must have same number of dimensions: got 3 and 4
2024-11-29 21:16:01,929 - INFO - Epoch 1, Val Loss: 0.000000
2024-11-29 21:16:28,391 - ERROR - Forward pass failed at batch 0: Tensors must have same number of dimensions: got 3 and 4
2024-11-29 21:16:28,548 - ERROR - Forward pass failed at batch 1: Tensors must have same number of dimensions: got 3 and 4
2024-11-29 21:16:28,669 - ERROR - Forward pass failed at batch 2: Tensors must have same number of dimensions: got 3 and 4
2024-11-29 21:16:28,748 - ERROR - Forward pass failed at batch 3: Tensors must have same number of dimensions: got 3 and 4
2024-11-29 21:16:28,823 - ERROR - Forward pass failed at batch 4: Tensors must have same number of dimensions: got 3 and 4
2024-11-29 21:16:28,914 - ERROR - Forward pass failed at batch 5: Tensors must have same number of dimensions: got 3 and 4
2024-11-29 21:16:29,031 - ERROR - Forward pass failed at batch 6: Tensors must have same number of dimensions: got 3 and 4
2024-11-29 21:16:29,106 - ERROR - Forward pass failed at batch 7: Tensors must have same number of dimensions: got 3 and 4
2024-11-29 21:16:29,200 - ERROR - Forward pass failed at batch 8: Tensors must have same number of dimensions: got 3 and 4
2024-11-29 21:16:29,295 - ERROR - Forward pass failed at batch 9: Tensors must have same number of dimensions: got 3 and 4
2024-11-29 21:16:29,370 - ERROR - Forward pass failed at batch 10: Tensors must have same number of dimensions: got 3 and 4
2024-11-29 21:16:29,483 - ERROR - Forward pass failed at batch 11: Tensors must have same number of dimensions: got 3 and 4
2024-11-29 21:16:29,564 - ERROR - Forward pass failed at batch 12: Tensors must have same number of dimensions: got 3 and 4
2024-11-29 21:16:29,643 - ERROR - Forward pass failed at batch 13: Tensors must have same number of dimensions: got 3 and 4
2024-11-29 21:16:29,726 - ERROR - Forward pass failed at batch 14: Tensors must have same number of dimensions: got 3 and 4
2024-11-29 21:16:29,802 - ERROR - Forward pass failed at batch 15: Tensors must have same number of dimensions: got 3 and 4
2024-11-29 21:16:29,885 - ERROR - Forward pass failed at batch 16: Tensors must have same number of dimensions: got 3 and 4
2024-11-29 21:16:29,967 - ERROR - Forward pass failed at batch 17: Tensors must have same number of dimensions: got 3 and 4
2024-11-29 21:16:30,040 - ERROR - Forward pass failed at batch 18: Tensors must have same number of dimensions: got 3 and 4
2024-11-29 21:16:30,078 - ERROR - Forward pass failed at batch 19: Tensors must have same number of dimensions: got 3 and 4
2024-11-29 21:16:30,123 - ERROR - Forward pass failed at batch 20: Tensors must have same number of dimensions: got 3 and 4
2024-11-29 21:16:30,161 - ERROR - Forward pass failed at batch 21: Tensors must have same number of dimensions: got 3 and 4
2024-11-29 21:16:30,225 - ERROR - Forward pass failed at batch 22: Tensors must have same number of dimensions: got 3 and 4
2024-11-29 21:16:30,287 - ERROR - Forward pass failed at batch 23: Tensors must have same number of dimensions: got 3 and 4
2024-11-29 21:16:30,326 - ERROR - Forward pass failed at batch 24: Tensors must have same number of dimensions: got 3 and 4
2024-11-29 21:16:30,340 - ERROR - Forward pass failed at batch 25: Tensors must have same number of dimensions: got 3 and 4
2024-11-29 21:16:54,336 - ERROR - Validation forward pass failed: Tensors must have same number of dimensions: got 3 and 4
2024-11-29 21:16:54,406 - ERROR - Validation forward pass failed: Tensors must have same number of dimensions: got 3 and 4
2024-11-29 21:16:54,463 - ERROR - Validation forward pass failed: Tensors must have same number of dimensions: got 3 and 4
2024-11-29 21:16:54,507 - ERROR - Validation forward pass failed: Tensors must have same number of dimensions: got 3 and 4
2024-11-29 21:16:54,544 - ERROR - Validation forward pass failed: Tensors must have same number of dimensions: got 3 and 4
2024-11-29 21:16:54,598 - ERROR - Validation forward pass failed: Tensors must have same number of dimensions: got 3 and 4
2024-11-29 21:16:54,614 - ERROR - Validation forward pass failed: Tensors must have same number of dimensions: got 3 and 4
2024-11-29 21:16:55,418 - INFO - Epoch 2, Val Loss: 0.000000
2024-11-29 21:17:20,843 - ERROR - Forward pass failed at batch 0: Tensors must have same number of dimensions: got 3 and 4
2024-11-29 21:17:21,060 - ERROR - Forward pass failed at batch 1: Tensors must have same number of dimensions: got 3 and 4
2024-11-29 21:17:21,148 - ERROR - Forward pass failed at batch 2: Tensors must have same number of dimensions: got 3 and 4
2024-11-29 21:17:21,246 - ERROR - Forward pass failed at batch 3: Tensors must have same number of dimensions: got 3 and 4
2024-11-29 21:17:21,424 - ERROR - Forward pass failed at batch 4: Tensors must have same number of dimensions: got 3 and 4
2024-11-29 21:17:21,490 - ERROR - Forward pass failed at batch 5: Tensors must have same number of dimensions: got 3 and 4
2024-11-29 21:17:21,596 - ERROR - Forward pass failed at batch 6: Tensors must have same number of dimensions: got 3 and 4
2024-11-29 21:17:21,795 - ERROR - Forward pass failed at batch 7: Tensors must have same number of dimensions: got 3 and 4
2024-11-29 21:17:21,863 - ERROR - Forward pass failed at batch 8: Tensors must have same number of dimensions: got 3 and 4
2024-11-29 21:17:21,936 - ERROR - Forward pass failed at batch 9: Tensors must have same number of dimensions: got 3 and 4
2024-11-29 21:17:22,023 - ERROR - Forward pass failed at batch 10: Tensors must have same number of dimensions: got 3 and 4
2024-11-29 21:17:22,146 - ERROR - Forward pass failed at batch 11: Tensors must have same number of dimensions: got 3 and 4
2024-11-29 21:17:22,293 - ERROR - Forward pass failed at batch 12: Tensors must have same number of dimensions: got 3 and 4
2024-11-29 21:17:22,362 - ERROR - Forward pass failed at batch 13: Tensors must have same number of dimensions: got 3 and 4
2024-11-29 21:17:22,440 - ERROR - Forward pass failed at batch 14: Tensors must have same number of dimensions: got 3 and 4
2024-11-29 21:17:22,623 - ERROR - Forward pass failed at batch 15: Tensors must have same number of dimensions: got 3 and 4
2024-11-29 21:17:22,696 - ERROR - Forward pass failed at batch 16: Tensors must have same number of dimensions: got 3 and 4
2024-11-29 21:17:22,765 - ERROR - Forward pass failed at batch 17: Tensors must have same number of dimensions: got 3 and 4
2024-11-29 21:17:22,814 - ERROR - Forward pass failed at batch 18: Tensors must have same number of dimensions: got 3 and 4
2024-11-29 21:17:22,851 - ERROR - Forward pass failed at batch 19: Tensors must have same number of dimensions: got 3 and 4
2024-11-29 21:17:22,895 - ERROR - Forward pass failed at batch 20: Tensors must have same number of dimensions: got 3 and 4
2024-11-29 21:17:22,931 - ERROR - Forward pass failed at batch 21: Tensors must have same number of dimensions: got 3 and 4
2024-11-29 21:17:22,972 - ERROR - Forward pass failed at batch 22: Tensors must have same number of dimensions: got 3 and 4
2024-11-29 21:17:23,008 - ERROR - Forward pass failed at batch 23: Tensors must have same number of dimensions: got 3 and 4
2024-11-29 21:17:23,044 - ERROR - Forward pass failed at batch 24: Tensors must have same number of dimensions: got 3 and 4
2024-11-29 21:17:23,058 - ERROR - Forward pass failed at batch 25: Tensors must have same number of dimensions: got 3 and 4
2024-11-29 21:17:43,667 - ERROR - Validation forward pass failed: Tensors must have same number of dimensions: got 3 and 4
2024-11-29 21:17:43,709 - ERROR - Validation forward pass failed: Tensors must have same number of dimensions: got 3 and 4
2024-11-29 21:17:43,742 - ERROR - Validation forward pass failed: Tensors must have same number of dimensions: got 3 and 4
2024-11-29 21:17:43,775 - ERROR - Validation forward pass failed: Tensors must have same number of dimensions: got 3 and 4
2024-11-29 21:17:43,808 - ERROR - Validation forward pass failed: Tensors must have same number of dimensions: got 3 and 4
2024-11-29 21:17:43,844 - ERROR - Validation forward pass failed: Tensors must have same number of dimensions: got 3 and 4
2024-11-29 21:17:43,858 - ERROR - Validation forward pass failed: Tensors must have same number of dimensions: got 3 and 4
2024-11-29 21:17:44,503 - INFO - Epoch 3, Val Loss: 0.000000
2024-11-29 21:18:05,173 - ERROR - Forward pass failed at batch 0: Tensors must have same number of dimensions: got 3 and 4
2024-11-29 21:18:05,316 - ERROR - Forward pass failed at batch 1: Tensors must have same number of dimensions: got 3 and 4
2024-11-29 21:18:05,388 - ERROR - Forward pass failed at batch 2: Tensors must have same number of dimensions: got 3 and 4
2024-11-29 21:18:05,448 - ERROR - Forward pass failed at batch 3: Tensors must have same number of dimensions: got 3 and 4
2024-11-29 21:18:05,533 - ERROR - Forward pass failed at batch 4: Tensors must have same number of dimensions: got 3 and 4
2024-11-29 21:18:05,607 - ERROR - Forward pass failed at batch 5: Tensors must have same number of dimensions: got 3 and 4
2024-11-29 21:18:05,680 - ERROR - Forward pass failed at batch 6: Tensors must have same number of dimensions: got 3 and 4
2024-11-29 21:18:05,758 - ERROR - Forward pass failed at batch 7: Tensors must have same number of dimensions: got 3 and 4
2024-11-29 21:18:05,827 - ERROR - Forward pass failed at batch 8: Tensors must have same number of dimensions: got 3 and 4
2024-11-29 21:18:05,898 - ERROR - Forward pass failed at batch 9: Tensors must have same number of dimensions: got 3 and 4
2024-11-29 21:18:05,964 - ERROR - Forward pass failed at batch 10: Tensors must have same number of dimensions: got 3 and 4
2024-11-29 21:18:06,034 - ERROR - Forward pass failed at batch 11: Tensors must have same number of dimensions: got 3 and 4
2024-11-29 21:18:06,149 - ERROR - Forward pass failed at batch 12: Tensors must have same number of dimensions: got 3 and 4
2024-11-29 21:18:06,216 - ERROR - Forward pass failed at batch 13: Tensors must have same number of dimensions: got 3 and 4
2024-11-29 21:18:06,284 - ERROR - Forward pass failed at batch 14: Tensors must have same number of dimensions: got 3 and 4
2024-11-29 21:18:06,366 - ERROR - Forward pass failed at batch 15: Tensors must have same number of dimensions: got 3 and 4
2024-11-29 21:18:06,434 - ERROR - Forward pass failed at batch 16: Tensors must have same number of dimensions: got 3 and 4
2024-11-29 21:18:06,494 - ERROR - Forward pass failed at batch 17: Tensors must have same number of dimensions: got 3 and 4
2024-11-29 21:18:06,554 - ERROR - Forward pass failed at batch 18: Tensors must have same number of dimensions: got 3 and 4
2024-11-29 21:18:06,594 - ERROR - Forward pass failed at batch 19: Tensors must have same number of dimensions: got 3 and 4
2024-11-29 21:18:06,627 - ERROR - Forward pass failed at batch 20: Tensors must have same number of dimensions: got 3 and 4
2024-11-29 21:18:06,661 - ERROR - Forward pass failed at batch 21: Tensors must have same number of dimensions: got 3 and 4
2024-11-29 21:18:06,697 - ERROR - Forward pass failed at batch 22: Tensors must have same number of dimensions: got 3 and 4
2024-11-29 21:18:06,732 - ERROR - Forward pass failed at batch 23: Tensors must have same number of dimensions: got 3 and 4
2024-11-29 21:18:06,767 - ERROR - Forward pass failed at batch 24: Tensors must have same number of dimensions: got 3 and 4
2024-11-29 21:18:06,779 - ERROR - Forward pass failed at batch 25: Tensors must have same number of dimensions: got 3 and 4
2024-11-29 21:19:08,423 - ERROR - Forward pass failed at batch 0: Tensors must have same number of dimensions: got 3 and 4
2024-11-29 21:19:08,559 - ERROR - Forward pass failed at batch 1: Tensors must have same number of dimensions: got 3 and 4
2024-11-29 21:19:08,635 - ERROR - Forward pass failed at batch 2: Tensors must have same number of dimensions: got 3 and 4
2024-11-29 21:19:08,730 - ERROR - Forward pass failed at batch 3: Tensors must have same number of dimensions: got 3 and 4
2024-11-29 21:19:08,818 - ERROR - Forward pass failed at batch 4: Tensors must have same number of dimensions: got 3 and 4
2024-11-29 21:19:08,891 - ERROR - Forward pass failed at batch 5: Tensors must have same number of dimensions: got 3 and 4
2024-11-29 21:19:08,969 - ERROR - Forward pass failed at batch 6: Tensors must have same number of dimensions: got 3 and 4
2024-11-29 21:19:09,072 - ERROR - Forward pass failed at batch 7: Tensors must have same number of dimensions: got 3 and 4
2024-11-29 21:19:09,144 - ERROR - Forward pass failed at batch 8: Tensors must have same number of dimensions: got 3 and 4
2024-11-29 21:19:09,220 - ERROR - Forward pass failed at batch 9: Tensors must have same number of dimensions: got 3 and 4
2024-11-29 21:19:09,309 - ERROR - Forward pass failed at batch 10: Tensors must have same number of dimensions: got 3 and 4
2024-11-29 21:19:09,391 - ERROR - Forward pass failed at batch 11: Tensors must have same number of dimensions: got 3 and 4
2024-11-29 21:19:09,462 - ERROR - Forward pass failed at batch 12: Tensors must have same number of dimensions: got 3 and 4
2024-11-29 21:19:09,559 - ERROR - Forward pass failed at batch 13: Tensors must have same number of dimensions: got 3 and 4
2024-11-29 21:19:09,647 - ERROR - Forward pass failed at batch 14: Tensors must have same number of dimensions: got 3 and 4
2024-11-29 21:19:09,719 - ERROR - Forward pass failed at batch 15: Tensors must have same number of dimensions: got 3 and 4
2024-11-29 21:19:09,810 - ERROR - Forward pass failed at batch 16: Tensors must have same number of dimensions: got 3 and 4
2024-11-29 21:19:09,906 - ERROR - Forward pass failed at batch 17: Tensors must have same number of dimensions: got 3 and 4
2024-11-29 21:19:09,967 - ERROR - Forward pass failed at batch 18: Tensors must have same number of dimensions: got 3 and 4
2024-11-29 21:19:10,002 - ERROR - Forward pass failed at batch 19: Tensors must have same number of dimensions: got 3 and 4
2024-11-29 21:19:10,044 - ERROR - Forward pass failed at batch 20: Tensors must have same number of dimensions: got 3 and 4
2024-11-29 21:19:10,095 - ERROR - Forward pass failed at batch 21: Tensors must have same number of dimensions: got 3 and 4
2024-11-29 21:19:10,131 - ERROR - Forward pass failed at batch 22: Tensors must have same number of dimensions: got 3 and 4
2024-11-29 21:19:10,169 - ERROR - Forward pass failed at batch 23: Tensors must have same number of dimensions: got 3 and 4
2024-11-29 21:19:10,207 - ERROR - Forward pass failed at batch 24: Tensors must have same number of dimensions: got 3 and 4
2024-11-29 21:19:10,218 - ERROR - Forward pass failed at batch 25: Tensors must have same number of dimensions: got 3 and 4
2024-11-29 21:19:33,390 - ERROR - Validation forward pass failed: Tensors must have same number of dimensions: got 3 and 4
2024-11-29 21:19:33,434 - ERROR - Validation forward pass failed: Tensors must have same number of dimensions: got 3 and 4
2024-11-29 21:19:33,490 - ERROR - Validation forward pass failed: Tensors must have same number of dimensions: got 3 and 4
2024-11-29 21:19:33,533 - ERROR - Validation forward pass failed: Tensors must have same number of dimensions: got 3 and 4
2024-11-29 21:19:33,566 - ERROR - Validation forward pass failed: Tensors must have same number of dimensions: got 3 and 4
2024-11-29 21:19:33,598 - ERROR - Validation forward pass failed: Tensors must have same number of dimensions: got 3 and 4
2024-11-29 21:19:33,614 - ERROR - Validation forward pass failed: Tensors must have same number of dimensions: got 3 and 4
2024-11-29 21:19:34,253 - INFO - Epoch 1, Val Loss: 0.000000
2024-11-29 21:20:35,303 - ERROR - Forward pass failed at batch 0: Tensors must have same number of dimensions: got 3 and 4
2024-11-29 21:20:35,428 - ERROR - Forward pass failed at batch 1: Tensors must have same number of dimensions: got 3 and 4
2024-11-29 21:20:35,530 - ERROR - Forward pass failed at batch 2: Tensors must have same number of dimensions: got 3 and 4
2024-11-29 21:20:35,617 - ERROR - Forward pass failed at batch 3: Tensors must have same number of dimensions: got 3 and 4
2024-11-29 21:20:35,695 - ERROR - Forward pass failed at batch 4: Tensors must have same number of dimensions: got 3 and 4
2024-11-29 21:20:35,814 - ERROR - Forward pass failed at batch 5: Tensors must have same number of dimensions: got 3 and 4
2024-11-29 21:20:35,893 - ERROR - Forward pass failed at batch 6: Tensors must have same number of dimensions: got 3 and 4
2024-11-29 21:20:35,970 - ERROR - Forward pass failed at batch 7: Tensors must have same number of dimensions: got 3 and 4
2024-11-29 21:20:36,053 - ERROR - Forward pass failed at batch 8: Tensors must have same number of dimensions: got 3 and 4
2024-11-29 21:20:36,148 - ERROR - Forward pass failed at batch 9: Tensors must have same number of dimensions: got 3 and 4
2024-11-29 21:20:36,209 - ERROR - Forward pass failed at batch 10: Tensors must have same number of dimensions: got 3 and 4
2024-11-29 21:20:36,290 - ERROR - Forward pass failed at batch 11: Tensors must have same number of dimensions: got 3 and 4
2024-11-29 21:20:36,398 - ERROR - Forward pass failed at batch 12: Tensors must have same number of dimensions: got 3 and 4
2024-11-29 21:20:36,476 - ERROR - Forward pass failed at batch 13: Tensors must have same number of dimensions: got 3 and 4
2024-11-29 21:20:36,599 - ERROR - Forward pass failed at batch 14: Tensors must have same number of dimensions: got 3 and 4
2024-11-29 21:20:36,674 - ERROR - Forward pass failed at batch 15: Tensors must have same number of dimensions: got 3 and 4
2024-11-29 21:20:36,743 - ERROR - Forward pass failed at batch 16: Tensors must have same number of dimensions: got 3 and 4
2024-11-29 21:20:36,823 - ERROR - Forward pass failed at batch 17: Tensors must have same number of dimensions: got 3 and 4
2024-11-29 21:20:36,884 - ERROR - Forward pass failed at batch 18: Tensors must have same number of dimensions: got 3 and 4
2024-11-29 21:20:36,937 - ERROR - Forward pass failed at batch 19: Tensors must have same number of dimensions: got 3 and 4
2024-11-29 21:20:36,969 - ERROR - Forward pass failed at batch 20: Tensors must have same number of dimensions: got 3 and 4
2024-11-29 21:20:37,002 - ERROR - Forward pass failed at batch 21: Tensors must have same number of dimensions: got 3 and 4
2024-11-29 21:20:37,040 - ERROR - Forward pass failed at batch 22: Tensors must have same number of dimensions: got 3 and 4
2024-11-29 21:20:37,090 - ERROR - Forward pass failed at batch 23: Tensors must have same number of dimensions: got 3 and 4
2024-11-29 21:20:37,137 - ERROR - Forward pass failed at batch 24: Tensors must have same number of dimensions: got 3 and 4
2024-11-29 21:20:37,149 - ERROR - Forward pass failed at batch 25: Tensors must have same number of dimensions: got 3 and 4
2024-11-29 21:20:58,119 - ERROR - Validation forward pass failed: Tensors must have same number of dimensions: got 3 and 4
2024-11-29 21:20:58,201 - ERROR - Validation forward pass failed: Tensors must have same number of dimensions: got 3 and 4
2024-11-29 21:20:58,246 - ERROR - Validation forward pass failed: Tensors must have same number of dimensions: got 3 and 4
2024-11-29 21:20:58,295 - ERROR - Validation forward pass failed: Tensors must have same number of dimensions: got 3 and 4
2024-11-29 21:20:58,345 - ERROR - Validation forward pass failed: Tensors must have same number of dimensions: got 3 and 4
2024-11-29 21:20:58,383 - ERROR - Validation forward pass failed: Tensors must have same number of dimensions: got 3 and 4
2024-11-29 21:20:58,398 - ERROR - Validation forward pass failed: Tensors must have same number of dimensions: got 3 and 4
2024-11-29 21:20:59,183 - INFO - Epoch 1, Val Loss: 0.000000
2024-11-29 21:22:18,302 - ERROR - Forward pass failed at batch 0: Sizes of tensors must match except in dimension 1. Expected size 256 but got size 16384 for tensor number 1 in the list.
2024-11-29 21:22:18,374 - ERROR - Forward pass failed at batch 1: Sizes of tensors must match except in dimension 1. Expected size 256 but got size 16384 for tensor number 1 in the list.
2024-11-29 21:22:18,435 - ERROR - Forward pass failed at batch 2: Sizes of tensors must match except in dimension 1. Expected size 256 but got size 16384 for tensor number 1 in the list.
2024-11-29 21:22:18,527 - ERROR - Forward pass failed at batch 3: Sizes of tensors must match except in dimension 1. Expected size 256 but got size 16384 for tensor number 1 in the list.
2024-11-29 21:22:18,616 - ERROR - Forward pass failed at batch 4: Sizes of tensors must match except in dimension 1. Expected size 256 but got size 16384 for tensor number 1 in the list.
2024-11-29 21:22:18,682 - ERROR - Forward pass failed at batch 5: Sizes of tensors must match except in dimension 1. Expected size 256 but got size 16384 for tensor number 1 in the list.
2024-11-29 21:22:18,758 - ERROR - Forward pass failed at batch 6: Sizes of tensors must match except in dimension 1. Expected size 256 but got size 16384 for tensor number 1 in the list.
2024-11-29 21:22:18,858 - ERROR - Forward pass failed at batch 7: Sizes of tensors must match except in dimension 1. Expected size 256 but got size 16384 for tensor number 1 in the list.
2024-11-29 21:22:18,921 - ERROR - Forward pass failed at batch 8: Sizes of tensors must match except in dimension 1. Expected size 256 but got size 16384 for tensor number 1 in the list.
2024-11-29 21:22:18,983 - ERROR - Forward pass failed at batch 9: Sizes of tensors must match except in dimension 1. Expected size 256 but got size 16384 for tensor number 1 in the list.
2024-11-29 21:22:19,134 - ERROR - Forward pass failed at batch 10: Sizes of tensors must match except in dimension 1. Expected size 256 but got size 16384 for tensor number 1 in the list.
2024-11-29 21:22:19,192 - ERROR - Forward pass failed at batch 11: Sizes of tensors must match except in dimension 1. Expected size 256 but got size 16384 for tensor number 1 in the list.
2024-11-29 21:22:19,253 - ERROR - Forward pass failed at batch 12: Sizes of tensors must match except in dimension 1. Expected size 256 but got size 16384 for tensor number 1 in the list.
2024-11-29 21:22:19,333 - ERROR - Forward pass failed at batch 13: Sizes of tensors must match except in dimension 1. Expected size 256 but got size 16384 for tensor number 1 in the list.
2024-11-29 21:22:19,446 - ERROR - Forward pass failed at batch 14: Sizes of tensors must match except in dimension 1. Expected size 256 but got size 16384 for tensor number 1 in the list.
2024-11-29 21:22:19,508 - ERROR - Forward pass failed at batch 15: Sizes of tensors must match except in dimension 1. Expected size 256 but got size 16384 for tensor number 1 in the list.
2024-11-29 21:22:19,565 - ERROR - Forward pass failed at batch 16: Sizes of tensors must match except in dimension 1. Expected size 256 but got size 16384 for tensor number 1 in the list.
2024-11-29 21:22:19,635 - ERROR - Forward pass failed at batch 17: Sizes of tensors must match except in dimension 1. Expected size 256 but got size 16384 for tensor number 1 in the list.
2024-11-29 21:22:19,693 - ERROR - Forward pass failed at batch 18: Sizes of tensors must match except in dimension 1. Expected size 256 but got size 16384 for tensor number 1 in the list.
2024-11-29 21:22:19,747 - ERROR - Forward pass failed at batch 19: Sizes of tensors must match except in dimension 1. Expected size 256 but got size 16384 for tensor number 1 in the list.
2024-11-29 21:22:19,788 - ERROR - Forward pass failed at batch 20: Sizes of tensors must match except in dimension 1. Expected size 256 but got size 16384 for tensor number 1 in the list.
2024-11-29 21:22:19,821 - ERROR - Forward pass failed at batch 21: Sizes of tensors must match except in dimension 1. Expected size 256 but got size 16384 for tensor number 1 in the list.
2024-11-29 21:22:19,854 - ERROR - Forward pass failed at batch 22: Sizes of tensors must match except in dimension 1. Expected size 256 but got size 16384 for tensor number 1 in the list.
2024-11-29 21:22:19,886 - ERROR - Forward pass failed at batch 23: Sizes of tensors must match except in dimension 1. Expected size 256 but got size 16384 for tensor number 1 in the list.
2024-11-29 21:22:19,930 - ERROR - Forward pass failed at batch 24: Sizes of tensors must match except in dimension 1. Expected size 256 but got size 16384 for tensor number 1 in the list.
2024-11-29 21:22:19,949 - ERROR - Forward pass failed at batch 25: Sizes of tensors must match except in dimension 1. Expected size 256 but got size 16384 for tensor number 1 in the list.
2024-11-29 21:22:40,294 - ERROR - Validation forward pass failed: Sizes of tensors must match except in dimension 1. Expected size 256 but got size 16384 for tensor number 1 in the list.
2024-11-29 21:22:40,341 - ERROR - Validation forward pass failed: Sizes of tensors must match except in dimension 1. Expected size 256 but got size 16384 for tensor number 1 in the list.
2024-11-29 21:22:40,406 - ERROR - Validation forward pass failed: Sizes of tensors must match except in dimension 1. Expected size 256 but got size 16384 for tensor number 1 in the list.
2024-11-29 21:22:40,444 - ERROR - Validation forward pass failed: Sizes of tensors must match except in dimension 1. Expected size 256 but got size 16384 for tensor number 1 in the list.
2024-11-29 21:22:40,484 - ERROR - Validation forward pass failed: Sizes of tensors must match except in dimension 1. Expected size 256 but got size 16384 for tensor number 1 in the list.
2024-11-29 21:22:40,523 - ERROR - Validation forward pass failed: Sizes of tensors must match except in dimension 1. Expected size 256 but got size 16384 for tensor number 1 in the list.
2024-11-29 21:22:40,539 - ERROR - Validation forward pass failed: Sizes of tensors must match except in dimension 1. Expected size 256 but got size 16384 for tensor number 1 in the list.
2024-11-29 21:22:41,196 - INFO - Epoch 1, Val Loss: 0.000000
2024-11-29 21:23:01,513 - ERROR - Forward pass failed at batch 0: Sizes of tensors must match except in dimension 1. Expected size 256 but got size 16384 for tensor number 1 in the list.
2024-11-29 21:23:01,627 - ERROR - Forward pass failed at batch 1: Sizes of tensors must match except in dimension 1. Expected size 256 but got size 16384 for tensor number 1 in the list.
2024-11-29 21:23:01,730 - ERROR - Forward pass failed at batch 2: Sizes of tensors must match except in dimension 1. Expected size 256 but got size 16384 for tensor number 1 in the list.
2024-11-29 21:23:01,810 - ERROR - Forward pass failed at batch 3: Sizes of tensors must match except in dimension 1. Expected size 256 but got size 16384 for tensor number 1 in the list.
2024-11-29 21:23:01,878 - ERROR - Forward pass failed at batch 4: Sizes of tensors must match except in dimension 1. Expected size 256 but got size 16384 for tensor number 1 in the list.
2024-11-29 21:23:01,949 - ERROR - Forward pass failed at batch 5: Sizes of tensors must match except in dimension 1. Expected size 256 but got size 16384 for tensor number 1 in the list.
2024-11-29 21:23:02,025 - ERROR - Forward pass failed at batch 6: Sizes of tensors must match except in dimension 1. Expected size 256 but got size 16384 for tensor number 1 in the list.
2024-11-29 21:23:02,098 - ERROR - Forward pass failed at batch 7: Sizes of tensors must match except in dimension 1. Expected size 256 but got size 16384 for tensor number 1 in the list.
2024-11-29 21:23:02,164 - ERROR - Forward pass failed at batch 8: Sizes of tensors must match except in dimension 1. Expected size 256 but got size 16384 for tensor number 1 in the list.
2024-11-29 21:23:02,236 - ERROR - Forward pass failed at batch 9: Sizes of tensors must match except in dimension 1. Expected size 256 but got size 16384 for tensor number 1 in the list.
2024-11-29 21:23:02,310 - ERROR - Forward pass failed at batch 10: Sizes of tensors must match except in dimension 1. Expected size 256 but got size 16384 for tensor number 1 in the list.
2024-11-29 21:23:02,381 - ERROR - Forward pass failed at batch 11: Sizes of tensors must match except in dimension 1. Expected size 256 but got size 16384 for tensor number 1 in the list.
2024-11-29 21:23:02,527 - ERROR - Forward pass failed at batch 12: Sizes of tensors must match except in dimension 1. Expected size 256 but got size 16384 for tensor number 1 in the list.
2024-11-29 21:23:02,600 - ERROR - Forward pass failed at batch 13: Sizes of tensors must match except in dimension 1. Expected size 256 but got size 16384 for tensor number 1 in the list.
2024-11-29 21:23:02,685 - ERROR - Forward pass failed at batch 14: Sizes of tensors must match except in dimension 1. Expected size 256 but got size 16384 for tensor number 1 in the list.
2024-11-29 21:23:02,777 - ERROR - Forward pass failed at batch 15: Sizes of tensors must match except in dimension 1. Expected size 256 but got size 16384 for tensor number 1 in the list.
2024-11-29 21:23:02,932 - ERROR - Forward pass failed at batch 16: Sizes of tensors must match except in dimension 1. Expected size 256 but got size 16384 for tensor number 1 in the list.
2024-11-29 21:23:03,024 - ERROR - Forward pass failed at batch 17: Sizes of tensors must match except in dimension 1. Expected size 256 but got size 16384 for tensor number 1 in the list.
2024-11-29 21:23:03,126 - ERROR - Forward pass failed at batch 18: Sizes of tensors must match except in dimension 1. Expected size 256 but got size 16384 for tensor number 1 in the list.
2024-11-29 21:23:03,176 - ERROR - Forward pass failed at batch 19: Sizes of tensors must match except in dimension 1. Expected size 256 but got size 16384 for tensor number 1 in the list.
2024-11-29 21:23:03,213 - ERROR - Forward pass failed at batch 20: Sizes of tensors must match except in dimension 1. Expected size 256 but got size 16384 for tensor number 1 in the list.
2024-11-29 21:23:03,250 - ERROR - Forward pass failed at batch 21: Sizes of tensors must match except in dimension 1. Expected size 256 but got size 16384 for tensor number 1 in the list.
2024-11-29 21:23:03,284 - ERROR - Forward pass failed at batch 22: Sizes of tensors must match except in dimension 1. Expected size 256 but got size 16384 for tensor number 1 in the list.
2024-11-29 21:23:03,319 - ERROR - Forward pass failed at batch 23: Sizes of tensors must match except in dimension 1. Expected size 256 but got size 16384 for tensor number 1 in the list.
2024-11-29 21:23:03,356 - ERROR - Forward pass failed at batch 24: Sizes of tensors must match except in dimension 1. Expected size 256 but got size 16384 for tensor number 1 in the list.
2024-11-29 21:23:03,368 - ERROR - Forward pass failed at batch 25: Sizes of tensors must match except in dimension 1. Expected size 256 but got size 16384 for tensor number 1 in the list.
2024-11-29 21:24:33,067 - ERROR - Forward pass failed at batch 0: Shape mismatch: output torch.Size([16, 10, 3, 64, 64]) vs target torch.Size([16, 5, 3, 64, 64])
2024-11-29 21:24:33,267 - ERROR - Forward pass failed at batch 1: Shape mismatch: output torch.Size([16, 10, 3, 64, 64]) vs target torch.Size([16, 5, 3, 64, 64])
2024-11-29 21:24:33,439 - ERROR - Forward pass failed at batch 2: Shape mismatch: output torch.Size([16, 10, 3, 64, 64]) vs target torch.Size([16, 5, 3, 64, 64])
2024-11-29 21:24:33,611 - ERROR - Forward pass failed at batch 3: Shape mismatch: output torch.Size([16, 10, 3, 64, 64]) vs target torch.Size([16, 5, 3, 64, 64])
2024-11-29 21:24:33,792 - ERROR - Forward pass failed at batch 4: Shape mismatch: output torch.Size([16, 10, 3, 64, 64]) vs target torch.Size([16, 5, 3, 64, 64])
2024-11-29 21:24:33,965 - ERROR - Forward pass failed at batch 5: Shape mismatch: output torch.Size([16, 10, 3, 64, 64]) vs target torch.Size([16, 5, 3, 64, 64])
2024-11-29 21:24:34,138 - ERROR - Forward pass failed at batch 6: Shape mismatch: output torch.Size([16, 10, 3, 64, 64]) vs target torch.Size([16, 5, 3, 64, 64])
2024-11-29 21:24:34,311 - ERROR - Forward pass failed at batch 7: Shape mismatch: output torch.Size([16, 10, 3, 64, 64]) vs target torch.Size([16, 5, 3, 64, 64])
2024-11-29 21:24:34,483 - ERROR - Forward pass failed at batch 8: Shape mismatch: output torch.Size([16, 10, 3, 64, 64]) vs target torch.Size([16, 5, 3, 64, 64])
2024-11-29 21:24:34,653 - ERROR - Forward pass failed at batch 9: Shape mismatch: output torch.Size([16, 10, 3, 64, 64]) vs target torch.Size([16, 5, 3, 64, 64])
2024-11-29 21:24:34,826 - ERROR - Forward pass failed at batch 10: Shape mismatch: output torch.Size([16, 10, 3, 64, 64]) vs target torch.Size([16, 5, 3, 64, 64])
2024-11-29 21:24:34,998 - ERROR - Forward pass failed at batch 11: Shape mismatch: output torch.Size([16, 10, 3, 64, 64]) vs target torch.Size([16, 5, 3, 64, 64])
2024-11-29 21:24:35,184 - ERROR - Forward pass failed at batch 12: Shape mismatch: output torch.Size([16, 10, 3, 64, 64]) vs target torch.Size([16, 5, 3, 64, 64])
2024-11-29 21:24:35,366 - ERROR - Forward pass failed at batch 13: Shape mismatch: output torch.Size([16, 10, 3, 64, 64]) vs target torch.Size([16, 5, 3, 64, 64])
2024-11-29 21:24:35,542 - ERROR - Forward pass failed at batch 14: Shape mismatch: output torch.Size([16, 10, 3, 64, 64]) vs target torch.Size([16, 5, 3, 64, 64])
2024-11-29 21:24:35,724 - ERROR - Forward pass failed at batch 15: Shape mismatch: output torch.Size([16, 10, 3, 64, 64]) vs target torch.Size([16, 5, 3, 64, 64])
2024-11-29 21:24:35,909 - ERROR - Forward pass failed at batch 16: Shape mismatch: output torch.Size([16, 10, 3, 64, 64]) vs target torch.Size([16, 5, 3, 64, 64])
2024-11-29 21:24:36,034 - ERROR - Forward pass failed at batch 17: Shape mismatch: output torch.Size([16, 10, 3, 64, 64]) vs target torch.Size([16, 5, 3, 64, 64])
2024-11-29 21:24:36,149 - ERROR - Forward pass failed at batch 18: Shape mismatch: output torch.Size([16, 10, 3, 64, 64]) vs target torch.Size([16, 5, 3, 64, 64])
2024-11-29 21:24:36,258 - ERROR - Forward pass failed at batch 19: Shape mismatch: output torch.Size([16, 10, 3, 64, 64]) vs target torch.Size([16, 5, 3, 64, 64])
2024-11-29 21:24:36,370 - ERROR - Forward pass failed at batch 20: Shape mismatch: output torch.Size([16, 10, 3, 64, 64]) vs target torch.Size([16, 5, 3, 64, 64])
2024-11-29 21:24:36,478 - ERROR - Forward pass failed at batch 21: Shape mismatch: output torch.Size([16, 10, 3, 64, 64]) vs target torch.Size([16, 5, 3, 64, 64])
2024-11-29 21:24:36,595 - ERROR - Forward pass failed at batch 22: Shape mismatch: output torch.Size([16, 10, 3, 64, 64]) vs target torch.Size([16, 5, 3, 64, 64])
2024-11-29 21:24:36,702 - ERROR - Forward pass failed at batch 23: Shape mismatch: output torch.Size([16, 10, 3, 64, 64]) vs target torch.Size([16, 5, 3, 64, 64])
2024-11-29 21:24:36,816 - ERROR - Forward pass failed at batch 24: Shape mismatch: output torch.Size([16, 10, 3, 64, 64]) vs target torch.Size([16, 5, 3, 64, 64])
2024-11-29 21:24:36,866 - ERROR - Forward pass failed at batch 25: Shape mismatch: output torch.Size([4, 10, 3, 64, 64]) vs target torch.Size([4, 5, 3, 64, 64])
2024-11-29 21:24:59,065 - ERROR - Validation forward pass failed: Shape mismatch: output torch.Size([16, 10, 3, 64, 64]) vs target torch.Size([16, 5, 3, 64, 64])
2024-11-29 21:24:59,170 - ERROR - Validation forward pass failed: Shape mismatch: output torch.Size([16, 10, 3, 64, 64]) vs target torch.Size([16, 5, 3, 64, 64])
2024-11-29 21:24:59,275 - ERROR - Validation forward pass failed: Shape mismatch: output torch.Size([16, 10, 3, 64, 64]) vs target torch.Size([16, 5, 3, 64, 64])
2024-11-29 21:24:59,371 - ERROR - Validation forward pass failed: Shape mismatch: output torch.Size([16, 10, 3, 64, 64]) vs target torch.Size([16, 5, 3, 64, 64])
2024-11-29 21:24:59,507 - ERROR - Validation forward pass failed: Shape mismatch: output torch.Size([16, 10, 3, 64, 64]) vs target torch.Size([16, 5, 3, 64, 64])
2024-11-29 21:24:59,661 - ERROR - Validation forward pass failed: Shape mismatch: output torch.Size([16, 10, 3, 64, 64]) vs target torch.Size([16, 5, 3, 64, 64])
2024-11-29 21:24:59,731 - ERROR - Validation forward pass failed: Shape mismatch: output torch.Size([5, 10, 3, 64, 64]) vs target torch.Size([5, 5, 3, 64, 64])
2024-11-29 21:25:00,399 - INFO - Epoch 1, Val Loss: 0.000000
2024-11-29 21:26:13,012 - INFO - Epoch 1, Val Loss: 0.107172
2024-11-29 21:27:03,039 - INFO - Epoch 2, Val Loss: 0.097889
2024-11-29 21:27:54,630 - INFO - Epoch 3, Val Loss: 0.075259
2024-11-29 21:28:52,135 - INFO - Epoch 4, Val Loss: 0.063655
2024-11-29 21:29:55,248 - INFO - Epoch 5, Val Loss: 0.058021
2024-11-29 21:30:54,675 - INFO - Epoch 6, Val Loss: 0.055238
2024-11-29 21:31:54,431 - INFO - Epoch 7, Val Loss: 0.052790
2024-11-29 21:32:50,809 - INFO - Epoch 8, Val Loss: 0.050872
2024-11-29 21:33:48,982 - INFO - Epoch 9, Val Loss: 0.049273
2024-11-29 21:34:48,484 - INFO - Epoch 10, Val Loss: 0.048033
2024-11-29 21:35:46,347 - INFO - Epoch 11, Val Loss: 0.046766
2024-11-29 21:36:44,979 - INFO - Epoch 12, Val Loss: 0.045463
2024-11-29 21:37:43,035 - INFO - Epoch 13, Val Loss: 0.044598
2024-11-29 21:38:42,106 - INFO - Epoch 14, Val Loss: 0.043250
2024-11-29 21:39:40,569 - INFO - Epoch 15, Val Loss: 0.041518
2024-11-29 21:40:39,002 - INFO - Epoch 16, Val Loss: 0.040719
2024-11-29 21:41:39,351 - INFO - Epoch 17, Val Loss: 0.039884
2024-11-29 21:42:38,017 - INFO - Epoch 18, Val Loss: 0.039052
2024-11-29 21:43:35,028 - INFO - Epoch 19, Val Loss: 0.037788
2024-11-29 21:44:31,215 - INFO - Epoch 20, Val Loss: 0.037231
2024-11-29 21:45:28,291 - INFO - Epoch 21, Val Loss: 0.036002
2024-11-29 21:46:26,423 - INFO - Epoch 22, Val Loss: 0.035880
2024-11-29 21:47:24,690 - INFO - Epoch 23, Val Loss: 0.035622
2024-11-29 21:48:22,089 - INFO - Epoch 24, Val Loss: 0.034644
2024-11-29 21:49:19,537 - INFO - Epoch 25, Val Loss: 0.034571
2024-11-29 21:50:17,791 - INFO - Epoch 26, Val Loss: 0.033877
2024-11-29 21:51:15,852 - INFO - Epoch 27, Val Loss: 0.033162
2024-11-29 21:52:13,222 - INFO - Epoch 28, Val Loss: 0.032840
2024-11-29 21:53:09,875 - INFO - Epoch 29, Val Loss: 0.032555
2024-11-29 21:54:07,871 - INFO - Epoch 30, Val Loss: 0.032385
2024-11-29 21:55:04,497 - INFO - Epoch 31, Val Loss: 0.032010
2024-11-29 21:56:02,564 - INFO - Epoch 32, Val Loss: 0.031908
2024-11-29 21:56:59,124 - INFO - Epoch 33, Val Loss: 0.031652
2024-11-29 21:57:56,576 - INFO - Epoch 34, Val Loss: 0.031201
2024-11-29 21:58:53,400 - INFO - Epoch 35, Val Loss: 0.031258
2024-11-29 21:59:50,132 - INFO - Epoch 36, Val Loss: 0.031580
2024-11-29 22:00:45,893 - INFO - Epoch 37, Val Loss: 0.030925
2024-11-29 22:01:43,602 - INFO - Epoch 38, Val Loss: 0.031128
2024-11-29 22:02:39,326 - INFO - Epoch 39, Val Loss: 0.030884
2024-11-29 22:03:37,705 - INFO - Epoch 40, Val Loss: 0.030792
2024-11-29 22:04:35,949 - INFO - Epoch 41, Val Loss: 0.030626
2024-11-29 22:05:34,222 - INFO - Epoch 42, Val Loss: 0.030081
2024-11-29 22:06:32,390 - INFO - Epoch 43, Val Loss: 0.030590
2024-11-29 22:07:29,051 - INFO - Epoch 44, Val Loss: 0.030046
2024-11-29 22:08:25,879 - INFO - Epoch 45, Val Loss: 0.029923
2024-11-29 22:09:24,054 - INFO - Epoch 46, Val Loss: 0.029960
2024-11-29 22:10:20,388 - INFO - Epoch 47, Val Loss: 0.029965
2024-11-29 22:11:16,311 - INFO - Epoch 48, Val Loss: 0.030096
2024-11-29 22:12:12,315 - INFO - Epoch 49, Val Loss: 0.029799
2024-11-29 22:13:09,257 - INFO - Epoch 50, Val Loss: 0.029812
2024-11-29 22:14:05,017 - INFO - Epoch 51, Val Loss: 0.029712
2024-11-29 22:15:02,226 - INFO - Epoch 52, Val Loss: 0.029487
2024-11-29 22:15:59,369 - INFO - Epoch 53, Val Loss: 0.029208
2024-11-29 22:16:57,027 - INFO - Epoch 54, Val Loss: 0.029316
2024-11-29 22:17:54,040 - INFO - Epoch 55, Val Loss: 0.029707
2024-11-29 22:18:50,241 - INFO - Epoch 56, Val Loss: 0.029579
2024-11-29 22:19:46,267 - INFO - Epoch 57, Val Loss: 0.029142
2024-11-29 22:20:43,163 - INFO - Epoch 58, Val Loss: 0.029378
2024-11-29 22:21:38,689 - INFO - Epoch 59, Val Loss: 0.029174
2024-11-29 22:22:33,816 - INFO - Epoch 60, Val Loss: 0.029311
2024-11-29 22:23:31,065 - INFO - Epoch 61, Val Loss: 0.029244
2024-11-29 22:24:24,868 - INFO - Epoch 62, Val Loss: 0.029008
2024-11-29 22:25:18,624 - INFO - Epoch 63, Val Loss: 0.029058
2024-11-29 22:26:09,727 - INFO - Epoch 64, Val Loss: 0.029009
2024-11-29 22:27:00,729 - INFO - Epoch 65, Val Loss: 0.029124
2024-11-29 22:27:51,713 - INFO - Epoch 66, Val Loss: 0.028918
2024-11-29 22:28:44,574 - INFO - Epoch 67, Val Loss: 0.029177
2024-11-29 22:29:36,692 - INFO - Epoch 68, Val Loss: 0.029609
2024-11-29 22:30:28,103 - INFO - Epoch 69, Val Loss: 0.029467
2024-11-29 22:31:19,085 - INFO - Epoch 70, Val Loss: 0.029026
2024-11-29 22:32:11,242 - INFO - Epoch 71, Val Loss: 0.028937
2024-11-29 22:33:02,117 - INFO - Epoch 72, Val Loss: 0.028809
2024-11-29 22:33:53,849 - INFO - Epoch 73, Val Loss: 0.029252
2024-11-29 22:34:44,653 - INFO - Epoch 74, Val Loss: 0.029201
2024-11-29 22:35:34,979 - INFO - Epoch 75, Val Loss: 0.030019
2024-11-29 22:36:26,905 - INFO - Epoch 76, Val Loss: 0.029655
2024-11-29 22:37:18,708 - INFO - Epoch 77, Val Loss: 0.029131
2024-11-29 22:38:10,008 - INFO - Epoch 78, Val Loss: 0.029080
2024-11-29 22:39:01,120 - INFO - Epoch 79, Val Loss: 0.028591
2024-11-29 22:39:53,259 - INFO - Epoch 80, Val Loss: 0.028494
2024-11-29 22:40:45,606 - INFO - Epoch 81, Val Loss: 0.028429
2024-11-29 22:41:37,941 - INFO - Epoch 82, Val Loss: 0.028487
2024-11-29 22:42:29,326 - INFO - Epoch 83, Val Loss: 0.028445
2024-11-29 22:43:20,498 - INFO - Epoch 84, Val Loss: 0.028442
2024-11-29 22:44:11,645 - INFO - Epoch 85, Val Loss: 0.028442
2024-11-29 22:45:02,813 - INFO - Epoch 86, Val Loss: 0.028441
2024-11-29 22:45:54,249 - INFO - Epoch 87, Val Loss: 0.028445
2024-11-29 22:46:44,876 - INFO - Epoch 88, Val Loss: 0.028443
2024-11-29 22:47:35,754 - INFO - Epoch 89, Val Loss: 0.028449
2024-11-29 22:48:26,583 - INFO - Epoch 90, Val Loss: 0.028450
2024-11-29 22:49:17,470 - INFO - Epoch 91, Val Loss: 0.028450
2024-11-29 22:50:08,974 - INFO - Epoch 92, Val Loss: 0.028455
2024-11-29 22:50:59,996 - INFO - Epoch 93, Val Loss: 0.028456
2024-11-29 22:51:50,523 - INFO - Epoch 94, Val Loss: 0.028455
2024-11-29 22:52:40,997 - INFO - Epoch 95, Val Loss: 0.028455
2024-11-29 22:53:32,586 - INFO - Epoch 96, Val Loss: 0.028455
2024-11-29 22:54:24,084 - INFO - Epoch 97, Val Loss: 0.028455
2024-11-29 22:55:15,226 - INFO - Epoch 98, Val Loss: 0.028454
2024-11-29 22:56:05,920 - INFO - Epoch 99, Val Loss: 0.028454
2024-11-29 22:56:56,601 - INFO - Epoch 100, Val Loss: 0.028454
